01:51:28.403 [main] DEBUG com.inetbanking.testCases.BaseClass-{36} - Logging Login Page
01:53:02.513 [main] DEBUG com.inetbanking.testCases.BaseClass - Logging Login Page
01:54:16.842 [main] INFO  com.inetbanking.testCases.BaseClass - Logging Login Page
01:57:04.737 [main] INFO  com.inetbanking.testCases.BaseClass - Logging Login Page
01:57:40.541 [main] DEBUG com.inetbanking.testCases.BaseClass - Logging Login Page
02:04:06.815 [main] DEBUG com.inetbanking.testCases.BaseClass - Logging Login Page
02:05:31.073 [main] DEBUG com.inetbanking.testCases.BaseClass - Logging Login Page
02:06:48.547 [main] DEBUG com.inetbanking.testCases.BaseClass - Logging Login Page
19:26:02.502 [main] INFO  ebanking - URL is opened
19:26:02.687 [main] INFO  ebanking - Entered Username
19:26:02.725 [main] INFO  ebanking - Entered Password
19:26:04.864 [main] INFO  ebanking - Login Test Passed
20:42:22.518 [main] DEBUG org.apache.poi.openxml4j.opc.PackageRelationshipCollection - Parsing relationship: /xl/_rels/workbook.xml.rels
20:42:22.531 [main] DEBUG org.apache.poi.openxml4j.opc.PackageRelationshipCollection - Parsing relationship: /_rels/.rels
20:49:33.665 [main] DEBUG org.apache.poi.openxml4j.opc.PackageRelationshipCollection - Parsing relationship: /xl/_rels/workbook.xml.rels
20:49:33.675 [main] DEBUG org.apache.poi.openxml4j.opc.PackageRelationshipCollection - Parsing relationship: /_rels/.rels
21:34:02.031 [main] INFO  ebanking - User name provided
21:34:02.103 [main] INFO  ebanking - Password provided
21:34:07.503 [main] INFO  ebanking - Providing customer details....
21:34:18.266 [main] INFO  ebanking - Validation started....
22:24:24.111 [main] INFO  ebanking - User name provided
22:24:24.151 [main] INFO  ebanking - Password provided
22:24:28.873 [main] INFO  ebanking - Providing customer details....
22:27:38.887 [main] INFO  ebanking - User name provided
22:27:38.938 [main] INFO  ebanking - Password provided
22:27:43.118 [main] INFO  ebanking - Providing customer details....
22:29:11.310 [main] INFO  ebanking - User name provided
22:29:11.343 [main] INFO  ebanking - Password provided
22:29:15.638 [main] INFO  ebanking - Providing customer details....
22:29:22.672 [main] INFO  ebanking - Validation started....
22:29:55.673 [main] INFO  ebanking - User name provided
22:29:55.713 [main] INFO  ebanking - Password provided
22:30:00.055 [main] INFO  ebanking - Providing customer details....
22:30:06.662 [main] INFO  ebanking - Validation started....
22:33:35.776 [main] INFO  ebanking - User name provided
22:33:35.815 [main] INFO  ebanking - Password provided
22:33:40.129 [main] INFO  ebanking - Providing customer details....
22:33:46.935 [main] INFO  ebanking - Validation started....
22:36:58.717 [main] INFO  ebanking - User name provided
22:36:58.751 [main] INFO  ebanking - Password provided
22:37:02.984 [main] INFO  ebanking - Providing customer details....
22:37:09.399 [main] INFO  ebanking - Validation started....
00:43:22.908 [main] INFO  ebanking - User name provided
00:43:22.951 [main] INFO  ebanking - Password provided
00:43:27.234 [main] INFO  ebanking - Providing customer details....
00:43:33.311 [main] INFO  ebanking - Validation started....
00:44:48.440 [main] INFO  ebanking - User name provided
00:44:48.519 [main] INFO  ebanking - Password provided
00:44:52.785 [main] INFO  ebanking - Providing customer details....
00:44:58.561 [main] INFO  ebanking - Validation started....
00:49:38.951 [main] INFO  ebanking - User name provided
00:49:39.004 [main] INFO  ebanking - Password provided
00:49:43.399 [main] INFO  ebanking - Providing customer details....
00:49:49.319 [main] INFO  ebanking - Validation started....
00:55:21.353 [main] INFO  ebanking - User name provided
00:55:21.430 [main] INFO  ebanking - Password provided
00:55:26.762 [main] INFO  ebanking - Providing customer details....
00:55:32.475 [main] INFO  ebanking - Validation started....
00:56:50.005 [main] INFO  ebanking - User name provided
00:56:50.092 [main] INFO  ebanking - Password provided
00:56:55.224 [main] INFO  ebanking - Providing customer details....
00:57:00.838 [main] INFO  ebanking - Validation started....
00:58:53.768 [main] INFO  ebanking - User name provided
00:58:53.856 [main] INFO  ebanking - Password provided
00:58:56.330 [main] INFO  ebanking - Providing customer details....
00:59:02.731 [main] INFO  ebanking - Validation started....
01:01:15.372 [main] INFO  ebanking - User name provided
01:01:15.420 [main] INFO  ebanking - Password provided
01:01:17.784 [main] INFO  ebanking - Providing customer details....
01:01:26.526 [main] INFO  ebanking - Validation started....
01:02:40.728 [main] INFO  ebanking - User name provided
01:02:40.777 [main] INFO  ebanking - Password provided
01:02:43.112 [main] INFO  ebanking - Providing customer details....
01:02:48.510 [main] INFO  ebanking - Validation started....
01:11:17.745 [main] DEBUG org.apache.poi.openxml4j.opc.PackageRelationshipCollection - Parsing relationship: /xl/_rels/workbook.xml.rels
01:11:17.764 [main] DEBUG org.apache.poi.openxml4j.opc.PackageRelationshipCollection - Parsing relationship: /_rels/.rels
01:14:48.101 [main] INFO  ebanking - C:\Users\Vishaka Racha\IdeaProjects\inetBankingV2\src\test\java\com\inetbanking\testData\TestData.xlsx
01:14:48.270 [main] DEBUG org.apache.poi.openxml4j.opc.PackageRelationshipCollection - Parsing relationship: /xl/_rels/workbook.xml.rels
01:14:48.274 [main] DEBUG org.apache.poi.openxml4j.opc.PackageRelationshipCollection - Parsing relationship: /_rels/.rels
01:24:50.816 [main] INFO  ebanking - Test File path: C:\Users\Vishaka Racha\IdeaProjects\inetBankingV2\src\test\java\com.inetbanking\testData\TestData.xlsx
01:27:07.758 [main] INFO  ebanking - Test File path: C:\Users\Vishaka Racha\IdeaProjects\inetBankingV2\src\test\java\com\inetbanking\testData\TestData.xlsx
01:27:08.168 [main] DEBUG org.apache.poi.openxml4j.opc.PackageRelationshipCollection - Parsing relationship: /xl/_rels/workbook.xml.rels
01:27:08.186 [main] DEBUG org.apache.poi.openxml4j.opc.PackageRelationshipCollection - Parsing relationship: /_rels/.rels
01:33:24.572 [main] INFO  ebanking - Test File path: C:\Users\Vishaka Racha\IdeaProjects\inetBankingV2\src\test\java\com\inetbanking\testData\TestData.xlsx
01:35:05.769 [main] INFO  ebanking - Test File path: C:\Users\Vishaka Racha\IdeaProjects\inetBankingV2\src\test\java\com\inetbanking\testData\TestData.xlsx
01:35:05.795 [main] INFO  xlutils - File read successfully!!
01:35:05.795 [main] INFO  xlutils - FileStream created successfully!!
01:35:06.170 [main] DEBUG org.apache.poi.openxml4j.opc.PackageRelationshipCollection - Parsing relationship: /xl/_rels/workbook.xml.rels
01:35:06.187 [main] DEBUG org.apache.poi.openxml4j.opc.PackageRelationshipCollection - Parsing relationship: /_rels/.rels
01:37:13.985 [main] INFO  ebanking - Test File path: C:\Users\Vishaka Racha\IdeaProjects\inetBankingV2\src\test\java\com\inetbanking\testData\TestData.xlsx
01:37:14.011 [main] INFO  xlutils - File read successfully!!
01:37:14.020 [main] INFO  xlutils - FileStream created successfully!!
01:37:14.375 [main] DEBUG org.apache.poi.openxml4j.opc.PackageRelationshipCollection - Parsing relationship: /xl/_rels/workbook.xml.rels
01:37:14.380 [main] DEBUG org.apache.poi.openxml4j.opc.PackageRelationshipCollection - Parsing relationship: /_rels/.rels
01:53:29.387 [main] INFO  ebanking - Test File path: C:\Users\Vishaka Racha\IdeaProjects\inetBankingV2\src\test\java\com\inetbanking\testData\TestData.xlsx
01:53:29.415 [main] INFO  xlutils - File read successfully!!
01:53:29.415 [main] INFO  xlutils - FileStream created successfully!!
01:53:29.801 [main] DEBUG org.apache.poi.openxml4j.opc.PackageRelationshipCollection - Parsing relationship: /xl/_rels/workbook.xml.rels
01:53:29.806 [main] DEBUG org.apache.poi.openxml4j.opc.PackageRelationshipCollection - Parsing relationship: /_rels/.rels
01:53:30.213 [main] TRACE org.apache.xmlbeans.impl.common.XBeanDebug - Loading type system org.apache.poi.schemas.ooxml.system.ooxml
01:53:30.228 [main] TRACE org.apache.xmlbeans.impl.common.XBeanDebug - Loading type system org.apache.xmlbeans.metadata.system.sXMLCONFIG
01:53:30.229 [main] TRACE org.apache.xmlbeans.impl.common.XBeanDebug - Loading type system org.apache.xmlbeans.metadata.system.sXMLLANG
01:53:30.231 [main] TRACE org.apache.xmlbeans.impl.common.XBeanDebug - Loading type system org.apache.xmlbeans.metadata.system.sXMLSCHEMA
01:53:30.233 [main] TRACE org.apache.xmlbeans.impl.common.XBeanDebug - Loading type system org.apache.xmlbeans.metadata.system.sXMLTOOLS
01:53:30.236 [main] TRACE org.apache.xmlbeans.impl.common.XBeanDebug - Reading unresolved handles for type system org.apache.xmlbeans.metadata.system.sXMLTOOLS
01:53:30.268 [main] TRACE org.apache.xmlbeans.impl.common.XBeanDebug - Finished loading type system org.apache.xmlbeans.metadata.system.sXMLTOOLS
01:53:30.270 [main] TRACE org.apache.xmlbeans.impl.common.XBeanDebug - Reading unresolved handles for type system org.apache.xmlbeans.metadata.system.sXMLSCHEMA
01:53:30.281 [main] TRACE org.apache.xmlbeans.impl.common.XBeanDebug - Finished loading type system org.apache.xmlbeans.metadata.system.sXMLSCHEMA
01:53:30.284 [main] TRACE org.apache.xmlbeans.impl.common.XBeanDebug - Reading unresolved handles for type system org.apache.xmlbeans.metadata.system.sXMLLANG
01:53:30.287 [main] TRACE org.apache.xmlbeans.impl.common.XBeanDebug - Finished loading type system org.apache.xmlbeans.metadata.system.sXMLLANG
01:53:30.289 [main] TRACE org.apache.xmlbeans.impl.common.XBeanDebug - Reading unresolved handles for type system org.apache.xmlbeans.metadata.system.sXMLCONFIG
01:53:30.292 [main] TRACE org.apache.xmlbeans.impl.common.XBeanDebug - Finished loading type system org.apache.xmlbeans.metadata.system.sXMLCONFIG
01:53:30.294 [main] TRACE org.apache.xmlbeans.impl.common.XBeanDebug - Reading unresolved handles for type system org.apache.poi.schemas.ooxml.system.ooxml
01:53:30.427 [main] TRACE org.apache.xmlbeans.impl.common.XBeanDebug - Finished loading type system org.apache.poi.schemas.ooxml.system.ooxml
01:53:30.428 [main] TRACE org.apache.xmlbeans.impl.common.XBeanDebug - Resolving type for handle themefd26doctype
01:53:30.570 [main] TRACE org.apache.xmlbeans.impl.common.XBeanDebug - Resolving type for handle stylesheet5d8bdoctype
01:53:30.585 [main] TRACE org.apache.xmlbeans.impl.common.XBeanDebug - Resolving type for handle ctstylesheet4257type
01:53:30.597 [main] TRACE org.apache.xmlbeans.impl.common.XBeanDebug - Resolving type for handle ctfonts6623type
01:53:30.604 [main] TRACE org.apache.xmlbeans.impl.common.XBeanDebug - Resolving type for handle ctfont14d8type
01:53:30.618 [main] TRACE org.apache.xmlbeans.impl.common.XBeanDebug - Resolving type for handle ctfills2c6ftype
01:53:30.622 [main] TRACE org.apache.xmlbeans.impl.common.XBeanDebug - Resolving type for handle ctfill550ctype
01:53:30.627 [main] TRACE org.apache.xmlbeans.impl.common.XBeanDebug - Resolving type for handle ctborders0d66type
01:53:30.634 [main] TRACE org.apache.xmlbeans.impl.common.XBeanDebug - Resolving type for handle ctborderf935type
01:53:30.644 [main] TRACE org.apache.xmlbeans.impl.common.XBeanDebug - Resolving type for handle ctcellxfs1322type
01:53:30.653 [main] TRACE org.apache.xmlbeans.impl.common.XBeanDebug - Resolving type for handle ctxf97f7type
01:53:30.663 [main] TRACE org.apache.xmlbeans.impl.common.XBeanDebug - Resolving type for handle ctcellstylexfsa81ftype
01:53:30.669 [main] TRACE org.apache.xmlbeans.impl.common.XBeanDebug - Resolving type for handle ctdxfsb26atype
01:53:30.678 [main] TRACE org.apache.xmlbeans.impl.common.XBeanDebug - Resolving type for handle cttablestyles872ftype
01:53:30.690 [main] TRACE org.apache.xmlbeans.impl.common.XBeanDebug - Resolving type for handle sstf81fdoctype
01:53:30.699 [main] TRACE org.apache.xmlbeans.impl.common.XBeanDebug - Resolving type for handle ctsst44f3type
01:53:30.722 [main] TRACE org.apache.xmlbeans.impl.common.XBeanDebug - Resolving type for handle ctrsta472type
01:53:30.759 [main] TRACE org.apache.xmlbeans.impl.common.XBeanDebug - Resolving type for handle workbookec17doctype
01:53:30.772 [main] TRACE org.apache.xmlbeans.impl.common.XBeanDebug - Resolving type for handle ctworkbook83c3type
01:53:30.784 [main] TRACE org.apache.xmlbeans.impl.common.XBeanDebug - Resolving type for handle ctsheets49fdtype
01:53:30.791 [main] TRACE org.apache.xmlbeans.impl.common.XBeanDebug - Resolving type for handle ctsheet4dbetype
01:53:30.797 [main] TRACE org.apache.xmlbeans.impl.common.XBeanDebug - Resolving type for handle strelationshipid1e94type
01:53:30.804 [main] TRACE org.apache.xmlbeans.impl.common.XBeanDebug - Resolving type for handle worksheetf539doctype
01:53:30.815 [main] TRACE org.apache.xmlbeans.impl.common.XBeanDebug - Resolving type for handle ctworksheet530dtype
01:53:30.838 [main] TRACE org.apache.xmlbeans.impl.common.XBeanDebug - Resolving type for handle ctcols627ctype
01:53:30.847 [main] TRACE org.apache.xmlbeans.impl.common.XBeanDebug - Resolving type for handle ctcola95ftype
01:53:30.880 [main] TRACE org.apache.xmlbeans.impl.common.XBeanDebug - Resolving type for handle ctsheetdata8408type
01:53:30.888 [main] TRACE org.apache.xmlbeans.impl.common.XBeanDebug - Resolving type for handle ctrowdd39type
01:53:30.901 [main] TRACE org.apache.xmlbeans.impl.common.XBeanDebug - Resolving type for handle ctcell842btype
01:53:30.921 [main] TRACE org.apache.xmlbeans.impl.common.XBeanDebug - Resolving type for handle stcellrefe4e0type
01:53:30.939 [main] INFO  xlutils - Workbook instance created!!
01:53:30.940 [main] TRACE org.apache.xmlbeans.impl.common.XBeanDebug - Resolving type for handle stxstringf179type
01:53:30.944 [main] INFO  xlutils - Worksheet read successfully!!
01:53:30.945 [main] INFO  xlutils - Row Count: 4
01:53:30.963 [main] DEBUG org.apache.poi.openxml4j.opc.PackageRelationshipCollection - Parsing relationship: /xl/_rels/workbook.xml.rels
01:53:30.967 [main] DEBUG org.apache.poi.openxml4j.opc.PackageRelationshipCollection - Parsing relationship: /_rels/.rels
01:53:31.014 [main] INFO  ebanking - Row Number: 4
01:53:31.022 [main] INFO  ebanking - Col Number: 2
01:53:31.036 [main] DEBUG org.apache.poi.openxml4j.opc.PackageRelationshipCollection - Parsing relationship: /xl/_rels/workbook.xml.rels
01:53:31.039 [main] DEBUG org.apache.poi.openxml4j.opc.PackageRelationshipCollection - Parsing relationship: /_rels/.rels
01:53:31.078 [main] TRACE org.apache.xmlbeans.impl.common.XBeanDebug - Resolving type for handle stcelltypebf95type
01:53:31.110 [main] DEBUG org.apache.poi.openxml4j.opc.PackageRelationshipCollection - Parsing relationship: /xl/_rels/workbook.xml.rels
01:53:31.114 [main] DEBUG org.apache.poi.openxml4j.opc.PackageRelationshipCollection - Parsing relationship: /_rels/.rels
01:53:31.189 [main] DEBUG org.apache.poi.openxml4j.opc.PackageRelationshipCollection - Parsing relationship: /xl/_rels/workbook.xml.rels
01:53:31.194 [main] DEBUG org.apache.poi.openxml4j.opc.PackageRelationshipCollection - Parsing relationship: /_rels/.rels
01:53:31.242 [main] DEBUG org.apache.poi.openxml4j.opc.PackageRelationshipCollection - Parsing relationship: /xl/_rels/workbook.xml.rels
01:53:31.243 [main] DEBUG org.apache.poi.openxml4j.opc.PackageRelationshipCollection - Parsing relationship: /_rels/.rels
01:53:31.281 [main] DEBUG org.apache.poi.openxml4j.opc.PackageRelationshipCollection - Parsing relationship: /xl/_rels/workbook.xml.rels
01:53:31.283 [main] DEBUG org.apache.poi.openxml4j.opc.PackageRelationshipCollection - Parsing relationship: /_rels/.rels
01:53:31.326 [main] DEBUG org.apache.poi.openxml4j.opc.PackageRelationshipCollection - Parsing relationship: /xl/_rels/workbook.xml.rels
01:53:31.329 [main] DEBUG org.apache.poi.openxml4j.opc.PackageRelationshipCollection - Parsing relationship: /_rels/.rels
01:53:31.374 [main] DEBUG org.apache.poi.openxml4j.opc.PackageRelationshipCollection - Parsing relationship: /xl/_rels/workbook.xml.rels
01:53:31.377 [main] DEBUG org.apache.poi.openxml4j.opc.PackageRelationshipCollection - Parsing relationship: /_rels/.rels
01:53:31.414 [main] DEBUG org.apache.poi.openxml4j.opc.PackageRelationshipCollection - Parsing relationship: /xl/_rels/workbook.xml.rels
01:53:31.416 [main] DEBUG org.apache.poi.openxml4j.opc.PackageRelationshipCollection - Parsing relationship: /_rels/.rels
01:53:31.632 [main] INFO  ebanking - User name provided
01:53:31.681 [main] INFO  ebanking - Password provided
01:53:36.549 [main] INFO  ebanking - Login Passed
01:53:41.084 [main] INFO  ebanking - User Logged out
01:53:42.552 [main] INFO  ebanking - User name provided
01:53:42.592 [main] INFO  ebanking - Password provided
01:53:47.544 [main] INFO  ebanking - User name provided
01:53:47.596 [main] INFO  ebanking - Password provided
01:53:52.559 [main] INFO  ebanking - User name provided
01:53:52.601 [main] INFO  ebanking - Password provided
01:53:56.699 [main] INFO  ebanking - Login Passed
01:54:01.245 [main] INFO  ebanking - User Logged out
02:27:18.934 [main] INFO  ebanking - User name provided
02:27:18.981 [main] INFO  ebanking - Password provided
02:27:21.757 [main] INFO  ebanking - Providing customer details....
02:27:27.550 [main] INFO  ebanking - Validation started....
12:38:48.463 [main] INFO  ebanking - User name provided
12:38:48.564 [main] INFO  ebanking - Password provided
12:38:51.059 [main] INFO  ebanking - Providing customer details....
12:38:58.321 [main] INFO  ebanking - Validation started....
13:11:08.735 [main] INFO  ebanking - URL is opened
13:11:08.825 [main] INFO  ebanking - Entered Username
13:11:08.848 [main] INFO  ebanking - Entered Password
13:11:09.964 [main] INFO  ebanking - Login Test Passed
13:11:17.021 [main] INFO  ebanking - Test File path: C:\Users\Vishaka Racha\IdeaProjects\inetBankingV2\src\test\java\com\inetbanking\testData\TestData.xlsx
13:11:17.025 [main] INFO  xlutils - File read successfully!!
13:11:17.025 [main] INFO  xlutils - FileStream created successfully!!
13:11:17.295 [main] DEBUG org.apache.poi.openxml4j.opc.PackageRelationshipCollection - Parsing relationship: /xl/_rels/workbook.xml.rels
13:11:17.299 [main] DEBUG org.apache.poi.openxml4j.opc.PackageRelationshipCollection - Parsing relationship: /_rels/.rels
13:11:17.576 [main] TRACE org.apache.xmlbeans.impl.common.XBeanDebug - Loading type system org.apache.poi.schemas.ooxml.system.ooxml
13:11:17.581 [main] TRACE org.apache.xmlbeans.impl.common.XBeanDebug - Loading type system org.apache.xmlbeans.metadata.system.sXMLCONFIG
13:11:17.582 [main] TRACE org.apache.xmlbeans.impl.common.XBeanDebug - Loading type system org.apache.xmlbeans.metadata.system.sXMLLANG
13:11:17.583 [main] TRACE org.apache.xmlbeans.impl.common.XBeanDebug - Loading type system org.apache.xmlbeans.metadata.system.sXMLSCHEMA
13:11:17.584 [main] TRACE org.apache.xmlbeans.impl.common.XBeanDebug - Loading type system org.apache.xmlbeans.metadata.system.sXMLTOOLS
13:11:17.587 [main] TRACE org.apache.xmlbeans.impl.common.XBeanDebug - Reading unresolved handles for type system org.apache.xmlbeans.metadata.system.sXMLTOOLS
13:11:17.606 [main] TRACE org.apache.xmlbeans.impl.common.XBeanDebug - Finished loading type system org.apache.xmlbeans.metadata.system.sXMLTOOLS
13:11:17.607 [main] TRACE org.apache.xmlbeans.impl.common.XBeanDebug - Reading unresolved handles for type system org.apache.xmlbeans.metadata.system.sXMLSCHEMA
13:11:17.613 [main] TRACE org.apache.xmlbeans.impl.common.XBeanDebug - Finished loading type system org.apache.xmlbeans.metadata.system.sXMLSCHEMA
13:11:17.615 [main] TRACE org.apache.xmlbeans.impl.common.XBeanDebug - Reading unresolved handles for type system org.apache.xmlbeans.metadata.system.sXMLLANG
13:11:17.616 [main] TRACE org.apache.xmlbeans.impl.common.XBeanDebug - Finished loading type system org.apache.xmlbeans.metadata.system.sXMLLANG
13:11:17.618 [main] TRACE org.apache.xmlbeans.impl.common.XBeanDebug - Reading unresolved handles for type system org.apache.xmlbeans.metadata.system.sXMLCONFIG
13:11:17.619 [main] TRACE org.apache.xmlbeans.impl.common.XBeanDebug - Finished loading type system org.apache.xmlbeans.metadata.system.sXMLCONFIG
13:11:17.620 [main] TRACE org.apache.xmlbeans.impl.common.XBeanDebug - Reading unresolved handles for type system org.apache.poi.schemas.ooxml.system.ooxml
13:11:17.713 [main] TRACE org.apache.xmlbeans.impl.common.XBeanDebug - Finished loading type system org.apache.poi.schemas.ooxml.system.ooxml
13:11:17.714 [main] TRACE org.apache.xmlbeans.impl.common.XBeanDebug - Resolving type for handle themefd26doctype
13:11:17.830 [main] TRACE org.apache.xmlbeans.impl.common.XBeanDebug - Resolving type for handle stylesheet5d8bdoctype
13:11:17.843 [main] TRACE org.apache.xmlbeans.impl.common.XBeanDebug - Resolving type for handle ctstylesheet4257type
13:11:17.850 [main] TRACE org.apache.xmlbeans.impl.common.XBeanDebug - Resolving type for handle ctfonts6623type
13:11:17.855 [main] TRACE org.apache.xmlbeans.impl.common.XBeanDebug - Resolving type for handle ctfont14d8type
13:11:17.865 [main] TRACE org.apache.xmlbeans.impl.common.XBeanDebug - Resolving type for handle ctfills2c6ftype
13:11:17.869 [main] TRACE org.apache.xmlbeans.impl.common.XBeanDebug - Resolving type for handle ctfill550ctype
13:11:17.874 [main] TRACE org.apache.xmlbeans.impl.common.XBeanDebug - Resolving type for handle ctborders0d66type
13:11:17.879 [main] TRACE org.apache.xmlbeans.impl.common.XBeanDebug - Resolving type for handle ctborderf935type
13:11:17.885 [main] TRACE org.apache.xmlbeans.impl.common.XBeanDebug - Resolving type for handle ctcellxfs1322type
13:11:17.892 [main] TRACE org.apache.xmlbeans.impl.common.XBeanDebug - Resolving type for handle ctxf97f7type
13:11:17.899 [main] TRACE org.apache.xmlbeans.impl.common.XBeanDebug - Resolving type for handle ctcellstylexfsa81ftype
13:11:17.903 [main] TRACE org.apache.xmlbeans.impl.common.XBeanDebug - Resolving type for handle ctdxfsb26atype
13:11:17.908 [main] TRACE org.apache.xmlbeans.impl.common.XBeanDebug - Resolving type for handle cttablestyles872ftype
13:11:17.914 [main] TRACE org.apache.xmlbeans.impl.common.XBeanDebug - Resolving type for handle sstf81fdoctype
13:11:17.921 [main] TRACE org.apache.xmlbeans.impl.common.XBeanDebug - Resolving type for handle ctsst44f3type
13:11:17.938 [main] TRACE org.apache.xmlbeans.impl.common.XBeanDebug - Resolving type for handle ctrsta472type
13:11:17.969 [main] TRACE org.apache.xmlbeans.impl.common.XBeanDebug - Resolving type for handle workbookec17doctype
13:11:17.982 [main] TRACE org.apache.xmlbeans.impl.common.XBeanDebug - Resolving type for handle ctworkbook83c3type
13:11:17.993 [main] TRACE org.apache.xmlbeans.impl.common.XBeanDebug - Resolving type for handle ctsheets49fdtype
13:11:18.000 [main] TRACE org.apache.xmlbeans.impl.common.XBeanDebug - Resolving type for handle ctsheet4dbetype
13:11:18.006 [main] TRACE org.apache.xmlbeans.impl.common.XBeanDebug - Resolving type for handle strelationshipid1e94type
13:11:18.012 [main] TRACE org.apache.xmlbeans.impl.common.XBeanDebug - Resolving type for handle worksheetf539doctype
13:11:18.025 [main] TRACE org.apache.xmlbeans.impl.common.XBeanDebug - Resolving type for handle ctworksheet530dtype
13:11:18.044 [main] TRACE org.apache.xmlbeans.impl.common.XBeanDebug - Resolving type for handle ctcols627ctype
13:11:18.055 [main] TRACE org.apache.xmlbeans.impl.common.XBeanDebug - Resolving type for handle ctcola95ftype
13:11:18.085 [main] TRACE org.apache.xmlbeans.impl.common.XBeanDebug - Resolving type for handle ctsheetdata8408type
13:11:18.091 [main] TRACE org.apache.xmlbeans.impl.common.XBeanDebug - Resolving type for handle ctrowdd39type
13:11:18.102 [main] TRACE org.apache.xmlbeans.impl.common.XBeanDebug - Resolving type for handle ctcell842btype
13:11:18.116 [main] TRACE org.apache.xmlbeans.impl.common.XBeanDebug - Resolving type for handle stcellrefe4e0type
13:11:18.127 [main] INFO  xlutils - Workbook instance created!!
13:11:18.128 [main] TRACE org.apache.xmlbeans.impl.common.XBeanDebug - Resolving type for handle stxstringf179type
13:11:18.131 [main] INFO  xlutils - Worksheet read successfully!!
13:11:18.131 [main] INFO  xlutils - Row Count: 4
13:11:18.145 [main] DEBUG org.apache.poi.openxml4j.opc.PackageRelationshipCollection - Parsing relationship: /xl/_rels/workbook.xml.rels
13:11:18.147 [main] DEBUG org.apache.poi.openxml4j.opc.PackageRelationshipCollection - Parsing relationship: /_rels/.rels
13:11:18.178 [main] INFO  ebanking - Row Number: 4
13:11:18.179 [main] INFO  ebanking - Col Number: 2
13:11:18.192 [main] DEBUG org.apache.poi.openxml4j.opc.PackageRelationshipCollection - Parsing relationship: /xl/_rels/workbook.xml.rels
13:11:18.194 [main] DEBUG org.apache.poi.openxml4j.opc.PackageRelationshipCollection - Parsing relationship: /_rels/.rels
13:11:18.230 [main] TRACE org.apache.xmlbeans.impl.common.XBeanDebug - Resolving type for handle stcelltypebf95type
13:11:18.250 [main] DEBUG org.apache.poi.openxml4j.opc.PackageRelationshipCollection - Parsing relationship: /xl/_rels/workbook.xml.rels
13:11:18.255 [main] DEBUG org.apache.poi.openxml4j.opc.PackageRelationshipCollection - Parsing relationship: /_rels/.rels
13:11:18.288 [main] DEBUG org.apache.poi.openxml4j.opc.PackageRelationshipCollection - Parsing relationship: /xl/_rels/workbook.xml.rels
13:11:18.289 [main] DEBUG org.apache.poi.openxml4j.opc.PackageRelationshipCollection - Parsing relationship: /_rels/.rels
13:11:18.313 [main] DEBUG org.apache.poi.openxml4j.opc.PackageRelationshipCollection - Parsing relationship: /xl/_rels/workbook.xml.rels
13:11:18.314 [main] DEBUG org.apache.poi.openxml4j.opc.PackageRelationshipCollection - Parsing relationship: /_rels/.rels
13:11:18.342 [main] DEBUG org.apache.poi.openxml4j.opc.PackageRelationshipCollection - Parsing relationship: /xl/_rels/workbook.xml.rels
13:11:18.343 [main] DEBUG org.apache.poi.openxml4j.opc.PackageRelationshipCollection - Parsing relationship: /_rels/.rels
13:11:18.375 [main] DEBUG org.apache.poi.openxml4j.opc.PackageRelationshipCollection - Parsing relationship: /xl/_rels/workbook.xml.rels
13:11:18.377 [main] DEBUG org.apache.poi.openxml4j.opc.PackageRelationshipCollection - Parsing relationship: /_rels/.rels
13:11:18.409 [main] DEBUG org.apache.poi.openxml4j.opc.PackageRelationshipCollection - Parsing relationship: /xl/_rels/workbook.xml.rels
13:11:18.410 [main] DEBUG org.apache.poi.openxml4j.opc.PackageRelationshipCollection - Parsing relationship: /_rels/.rels
13:11:18.439 [main] DEBUG org.apache.poi.openxml4j.opc.PackageRelationshipCollection - Parsing relationship: /xl/_rels/workbook.xml.rels
13:11:18.440 [main] DEBUG org.apache.poi.openxml4j.opc.PackageRelationshipCollection - Parsing relationship: /_rels/.rels
13:11:18.565 [main] INFO  ebanking - User name provided
13:11:18.599 [main] INFO  ebanking - Password provided
13:11:23.373 [main] INFO  ebanking - Login Passed
13:11:27.724 [main] INFO  ebanking - User Logged out
13:11:29.288 [main] INFO  ebanking - User name provided
13:11:29.313 [main] INFO  ebanking - Password provided
13:11:34.114 [main] INFO  ebanking - User name provided
13:11:34.133 [main] INFO  ebanking - Password provided
13:11:39.401 [main] INFO  ebanking - User name provided
13:11:39.431 [main] INFO  ebanking - Password provided
13:11:43.386 [main] INFO  ebanking - Login Passed
13:11:48.391 [main] INFO  ebanking - User Logged out
00:29:07.048 [main] INFO  ebanking - URL is opened
00:29:07.169 [main] INFO  ebanking - Entered Username
00:29:07.196 [main] INFO  ebanking - Entered Password
00:29:08.519 [main] INFO  ebanking - Login Test Passed
01:25:14.272 [main] INFO  ebanking - Application is opened
01:34:09.644 [main] INFO  ebanking - Application is opened
01:34:10.051 [main] INFO  ebanking - Username provided
01:34:10.103 [main] INFO  ebanking - Password provided
01:34:11.367 [main] INFO  ebanking - Successfully logged in into application!!!
01:34:15.076 [main] INFO  ebanking - Clicked on Edit Customer link
01:34:15.151 [main] INFO  ebanking - CustomerId provided
01:35:36.161 [main] INFO  ebanking - Application is opened
01:35:36.554 [main] INFO  ebanking - Username provided
01:35:36.589 [main] INFO  ebanking - Password provided
01:35:37.964 [main] INFO  ebanking - Successfully logged in into application!!!
01:35:38.944 [main] INFO  ebanking - Clicked on Edit Customer link
01:35:39.006 [main] INFO  ebanking - CustomerId provided
01:47:43.756 [main] INFO  ebanking - Application is opened
01:47:44.161 [main] INFO  ebanking - Username provided
01:47:44.203 [main] INFO  ebanking - Password provided
01:47:45.588 [main] INFO  ebanking - Successfully logged in into application!!!
01:47:46.835 [main] INFO  ebanking - Clicked on Edit Customer link
01:47:46.902 [main] INFO  ebanking - CustomerId provided
01:47:48.111 [main] INFO  ebanking - User provided updated city
01:47:48.696 [main] INFO  ebanking - Edit customer city success!!!
02:18:28.313 [main] INFO  ebanking - Application is opened
02:18:28.725 [main] INFO  ebanking - Username provided
02:18:28.763 [main] INFO  ebanking - Password provided
02:18:29.961 [main] INFO  ebanking - Successfully logged in into application!!!
02:18:30.813 [main] INFO  ebanking - Clicked on Edit Customer link
02:18:30.877 [main] INFO  ebanking - CustomerId provided
02:18:31.851 [main] INFO  ebanking - User provided updated city
02:18:32.358 [main] INFO  ebanking - Edit customer city success!!!
02:18:32.446 [main] INFO  ebanking - Invalid message.
02:24:27.094 [main] INFO  ebanking - Application is opened
02:24:27.535 [main] INFO  ebanking - Username provided
02:24:27.576 [main] INFO  ebanking - Password provided
02:24:28.785 [main] INFO  ebanking - Successfully logged in into application!!!
02:24:29.987 [main] INFO  ebanking - Clicked on Edit Customer link
02:24:30.036 [main] INFO  ebanking - CustomerId provided
02:24:32.944 [main] INFO  ebanking - User provided city
02:24:34.306 [main] INFO  ebanking - Submitted successfully!!!
02:28:34.206 [main] INFO  ebanking - Application is opened
02:28:34.617 [main] INFO  ebanking - Username provided
02:28:34.663 [main] INFO  ebanking - Password provided
02:28:36.013 [main] INFO  ebanking - Successfully logged in into application!!!
02:28:37.065 [main] INFO  ebanking - Clicked on Edit Customer link
02:28:37.120 [main] INFO  ebanking - CustomerId provided
02:28:38.557 [main] INFO  ebanking - User provided city
02:28:39.134 [main] INFO  ebanking - Submitted successfully!!!
02:30:09.990 [main] INFO  ebanking - Application is opened
02:30:10.391 [main] INFO  ebanking - Username provided
02:30:10.429 [main] INFO  ebanking - Password provided
02:30:11.726 [main] INFO  ebanking - Successfully logged in into application!!!
02:30:12.617 [main] INFO  ebanking - Clicked on Edit Customer link
02:30:12.679 [main] INFO  ebanking - CustomerId provided
02:30:13.689 [main] INFO  ebanking - User provided city
02:30:14.210 [main] INFO  ebanking - Submitted successfully!!!
02:31:52.055 [main] INFO  ebanking - Application is opened
02:31:52.444 [main] INFO  ebanking - Username provided
02:31:52.476 [main] INFO  ebanking - Password provided
02:31:53.662 [main] INFO  ebanking - Successfully logged in into application!!!
02:31:54.773 [main] INFO  ebanking - Clicked on Edit Customer link
02:31:54.816 [main] INFO  ebanking - CustomerId provided
02:31:56.068 [main] INFO  ebanking - User provided city
02:31:56.577 [main] INFO  ebanking - Submitted successfully!!!
02:32:46.197 [main] INFO  ebanking - Application is opened
02:32:46.617 [main] INFO  ebanking - Username provided
02:32:46.660 [main] INFO  ebanking - Password provided
02:32:48.066 [main] INFO  ebanking - Successfully logged in into application!!!
02:32:49.334 [main] INFO  ebanking - Clicked on Edit Customer link
02:32:49.376 [main] INFO  ebanking - CustomerId provided
02:37:31.369 [main] INFO  ebanking - Application is opened
02:37:31.879 [main] INFO  ebanking - Username provided
02:37:31.986 [main] INFO  ebanking - Password provided
02:37:33.336 [main] INFO  ebanking - Successfully logged in into application!!!
02:37:34.250 [main] INFO  ebanking - Clicked on Edit Customer link
02:37:34.334 [main] INFO  ebanking - CustomerId provided
02:58:40.786 [main] INFO  ebanking - Application is opened
02:58:41.169 [main] INFO  ebanking - Username provided
02:58:41.204 [main] INFO  ebanking - Password provided
02:58:43.286 [main] INFO  ebanking - Successfully logged in into application!!!
02:58:44.199 [main] INFO  ebanking - Clicked on Edit Customer link
02:58:44.268 [main] INFO  ebanking - CustomerId provided
03:24:12.438 [main] INFO  ebanking - Application is opened
03:24:12.925 [main] INFO  ebanking - Username provided
03:24:13.007 [main] INFO  ebanking - Password provided
03:24:15.014 [main] INFO  ebanking - Successfully logged in into application!!!
03:24:16.118 [main] INFO  ebanking - Clicked on Edit Customer link
03:24:16.204 [main] INFO  ebanking - CustomerId provided
03:26:26.178 [main] INFO  ebanking - Application is opened
03:26:26.605 [main] INFO  ebanking - Username provided
03:26:26.655 [main] INFO  ebanking - Password provided
03:26:27.993 [main] INFO  ebanking - Successfully logged in into application!!!
03:26:29.023 [main] INFO  ebanking - Clicked on Edit Customer link
03:26:29.107 [main] INFO  ebanking - CustomerId provided
03:27:24.831 [main] INFO  ebanking - Application is opened
03:27:25.236 [main] INFO  ebanking - Username provided
03:27:25.281 [main] INFO  ebanking - Password provided
03:27:26.658 [main] INFO  ebanking - Successfully logged in into application!!!
03:27:27.719 [main] INFO  ebanking - Delete Customer Page Opened
03:27:29.739 [main] INFO  ebanking - Test case Passed
03:27:29.776 [main] INFO  ebanking - Customer ID provided
03:27:29.895 [main] INFO  ebanking - Cancelled deleting user
03:30:16.646 [main] INFO  ebanking - Application is opened
03:30:17.037 [main] INFO  ebanking - Username provided
03:30:17.099 [main] INFO  ebanking - Password provided
03:30:19.577 [main] INFO  ebanking - Successfully logged in into application!!!
03:30:19.649 [main] INFO  ebanking - Delete Customer Page Opened
03:30:21.676 [main] INFO  ebanking - Test case Passed
03:30:22.874 [main] INFO  ebanking - Customer ID provided
03:30:23.090 [main] INFO  ebanking - User Deleted!!!
20:02:31.310 [main] INFO  ebanking - Application is opened
20:02:31.741 [main] INFO  ebanking - Username provided
20:02:31.823 [main] INFO  ebanking - Password provided
20:02:32.982 [main] INFO  ebanking - Successfully logged in into application!!!
20:02:33.554 [main] INFO  ebanking - New Account page opened
20:02:33.618 [main] INFO  ebanking - Customer ID provided
20:02:33.700 [main] INFO  ebanking - Savings Account Selected
20:02:33.730 [main] INFO  ebanking - Amount entered
20:02:34.956 [main] INFO  ebanking - Initial Amount Deposited
20:12:03.493 [main] INFO  ebanking - Application is opened
20:12:03.857 [main] INFO  ebanking - Username provided
20:12:03.897 [main] INFO  ebanking - Password provided
20:12:05.284 [main] INFO  ebanking - Successfully logged in into application!!!
20:12:05.882 [main] INFO  ebanking - New Account page opened
20:12:05.934 [main] INFO  ebanking - Customer ID provided
20:12:06.235 [main] INFO  ebanking - Savings Account Selected
20:12:09.295 [main] INFO  ebanking - Amount entered
20:12:11.423 [main] INFO  ebanking - Initial Amount Deposited
